#
# There is insufficient memory for the Java Runtime Environment to continue.
# Native memory allocation (malloc) failed to allocate 1997936 bytes for Chunk::new
# Possible reasons:
#   The system is out of physical RAM or swap space
#   In 32 bit mode, the process size limit was hit
# Possible solutions:
#   Reduce memory load on the system
#   Increase physical memory or swap space
#   Check if swap backing store is full
#   Use 64 bit Java on a 64 bit OS
#   Decrease Java heap size (-Xmx/-Xms)
#   Decrease number of Java threads
#   Decrease Java thread stack sizes (-Xss)
#   Set larger code cache with -XX:ReservedCodeCacheSize=
# This output file may be truncated or incomplete.
#
#  Out of Memory Error (allocation.cpp:390), pid=16492, tid=0x0000000000000348
#
# JRE version: OpenJDK Runtime Environment (8.0_152-b01) (build 1.8.0_152-release-915-b01)
# Java VM: OpenJDK 64-Bit Server VM (25.152-b01 mixed mode windows-amd64 compressed oops)
# Failed to write core dump. Minidumps are not enabled by default on client versions of Windows
#

---------------  T H R E A D  ---------------

Current thread (0x0000000014e2f800):  JavaThread "C2 CompilerThread0" daemon [_thread_in_native, id=840, stack(0x0000000016490000,0x0000000016590000)]

Stack: [0x0000000016490000,0x0000000016590000]
[error occurred during error reporting (printing stack bounds), id 0xc0000005]

Native frames: (J=compiled Java code, j=interpreted, Vv=VM code, C=native code)


Current CompileTask:
C2:   6632  913 %     4       org.objectweb.asm.ClassReader::a @ 1480 (3587 bytes)


---------------  P R O C E S S  ---------------

Java Threads: ( => current thread )
  0x00000000167be000 JavaThread "Service Thread" daemon [_thread_blocked, id=16336, stack(0x0000000016b90000,0x0000000016c90000)]
  0x0000000014e36800 JavaThread "C1 CompilerThread2" daemon [_thread_blocked, id=11040, stack(0x0000000016690000,0x0000000016790000)]
  0x0000000014e32800 JavaThread "C2 CompilerThread1" daemon [_thread_in_native, id=10848, stack(0x0000000016590000,0x0000000016690000)]
=>0x0000000014e2f800 JavaThread "C2 CompilerThread0" daemon [_thread_in_native, id=840, stack(0x0000000016490000,0x0000000016590000)]
  0x0000000014e2e000 JavaThread "Attach Listener" daemon [_thread_blocked, id=6584, stack(0x0000000016390000,0x0000000016490000)]
  0x0000000014e2c800 JavaThread "Signal Dispatcher" daemon [_thread_blocked, id=7628, stack(0x0000000016290000,0x0000000016390000)]
  0x0000000004a8e000 JavaThread "Finalizer" daemon [_thread_blocked, id=3228, stack(0x0000000016090000,0x0000000016190000)]
  0x0000000004a83800 JavaThread "Reference Handler" daemon [_thread_blocked, id=12884, stack(0x0000000015f90000,0x0000000016090000)]
  0x0000000004993800 JavaThread "main" [_thread_in_Java, id=16416, stack(0x0000000004890000,0x0000000004990000)]

Other Threads:
  0x0000000014df5800 VMThread [stack: 0x0000000015e90000,0x0000000015f90000] [id=17376]
  0x00000000167bf800 WatcherThread [stack: 0x0000000016c90000,0x0000000016d90000] [id=13360]

VM state:not at safepoint (normal execution)

VM Mutex/Monitor currently owned by a thread: None

Heap:
 PSYoungGen      total 18944K, used 16550K [0x00000000feb00000, 0x0000000100000000, 0x0000000100000000)
  eden space 16384K, 85% used [0x00000000feb00000,0x00000000ff8af260,0x00000000ffb00000)
  from space 2560K, 99% used [0x00000000ffd80000,0x00000000ffffa7f0,0x0000000100000000)
  to   space 2560K, 0% used [0x00000000ffb00000,0x00000000ffb00000,0x00000000ffd80000)
 ParOldGen       total 44032K, used 5012K [0x00000000fc000000, 0x00000000feb00000, 0x00000000feb00000)
  object space 44032K, 11% used [0x00000000fc000000,0x00000000fc4e53f8,0x00000000feb00000)
 Metaspace       used 7795K, capacity 7996K, committed 8192K, reserved 1056768K
  class space    used 901K, capacity 988K, committed 1024K, reserved 1048576K

Card table byte_map: [0x0000000004840000,0x0000000004870000] byte_map_base: 0x0000000004060000

Marking Bits: (ParMarkBitMap*) 0x0000000056813950
 Begin Bits: [0x0000000014270000, 0x0000000014370000)
 End Bits:   [0x0000000014370000, 0x0000000014470000)

Polling page: 0x00000000047f0000

CodeCache: size=245760Kb used=3888Kb max_used=3888Kb free=241871Kb
 bounds [0x0000000004a90000, 0x0000000004e60000, 0x0000000013a90000]
 total_blobs=1384 nmethods=1053 adapters=245
 compilation: enabled

Compilation events (10 events):
Event: 6.623 Thread 0x0000000014e36800 nmethod 1052 0x0000000004e57410 code [0x0000000004e575c0, 0x0000000004e579f8]
Event: 6.623 Thread 0x0000000014e36800 1053       3       com.google.common.collect.ImmutableCollection$ArrayBasedBuilder::<init> (25 bytes)
Event: 6.624 Thread 0x0000000014e36800 nmethod 1053 0x0000000004e57c10 code [0x0000000004e57d80, 0x0000000004e58088]
Event: 6.624 Thread 0x0000000014e36800 1054       3       com.google.common.base.Preconditions::checkState (25 bytes)
Event: 6.624 Thread 0x0000000014e36800 nmethod 1054 0x0000000004e581d0 code [0x0000000004e58360, 0x0000000004e58778]
Event: 6.624 Thread 0x0000000014e36800 1055  s    3       java.util.Vector::add (39 bytes)
Event: 6.625 Thread 0x0000000014e36800 nmethod 1055 0x0000000004e58910 code [0x0000000004e58aa0, 0x0000000004e58fc8]
Event: 6.627 Thread 0x0000000014e36800 1056       3       com.google.common.collect.ImmutableSet$Builder::<init> (6 bytes)
Event: 6.627 Thread 0x0000000014e36800 nmethod 1056 0x0000000004e591d0 code [0x0000000004e59360, 0x0000000004e59728]
Event: 6.627 Thread 0x0000000014e36800 1057       3       com.google.common.collect.ImmutableSet::construct (245 bytes)

GC Heap History (4 events):
Event: 4.627 GC heap before
{Heap before GC invocations=1 (full 0):
 PSYoungGen      total 18944K, used 16384K [0x00000000feb00000, 0x0000000100000000, 0x0000000100000000)
  eden space 16384K, 100% used [0x00000000feb00000,0x00000000ffb00000,0x00000000ffb00000)
  from space 2560K, 0% used [0x00000000ffd80000,0x00000000ffd80000,0x0000000100000000)
  to   space 2560K, 0% used [0x00000000ffb00000,0x00000000ffb00000,0x00000000ffd80000)
 ParOldGen       total 44032K, used 0K [0x00000000fc000000, 0x00000000feb00000, 0x00000000feb00000)
  object space 44032K, 0% used [0x00000000fc000000,0x00000000fc000000,0x00000000feb00000)
 Metaspace       used 6519K, capacity 6670K, committed 6784K, reserved 1056768K
  class space    used 768K, capacity 823K, committed 896K, reserved 1048576K
Event: 4.632 GC heap after
Heap after GC invocations=1 (full 0):
 PSYoungGen      total 18944K, used 2544K [0x00000000feb00000, 0x0000000100000000, 0x0000000100000000)
  eden space 16384K, 0% used [0x00000000feb00000,0x00000000feb00000,0x00000000ffb00000)
  from space 2560K, 99% used [0x00000000ffb00000,0x00000000ffd7c020,0x00000000ffd80000)
  to   space 2560K, 0% used [0x00000000ffd80000,0x00000000ffd80000,0x0000000100000000)
 ParOldGen       total 44032K, used 1634K [0x00000000fc000000, 0x00000000feb00000, 0x00000000feb00000)
  object space 44032K, 3% used [0x00000000fc000000,0x00000000fc1989f8,0x00000000feb00000)
 Metaspace       used 6519K, capacity 6670K, committed 6784K, reserved 1056768K
  class space    used 768K, capacity 823K, committed 896K, reserved 1048576K
}
Event: 6.146 GC heap before
{Heap before GC invocations=2 (full 0):
 PSYoungGen      total 18944K, used 18928K [0x00000000feb00000, 0x0000000100000000, 0x0000000100000000)
  eden space 16384K, 100% used [0x00000000feb00000,0x00000000ffb00000,0x00000000ffb00000)
  from space 2560K, 99% used [0x00000000ffb00000,0x00000000ffd7c020,0x00000000ffd80000)
  to   space 2560K, 0% used [0x00000000ffd80000,0x00000000ffd80000,0x0000000100000000)
 ParOldGen       total 44032K, used 1634K [0x00000000fc000000, 0x00000000feb00000, 0x00000000feb00000)
  object space 44032K, 3% used [0x00000000fc000000,0x00000000fc1989f8,0x00000000feb00000)
 Metaspace       used 7736K, capacity 7932K, committed 8192K, reserved 1056768K
  class space    used 899K, capacity 988K, committed 1024K, reserved 1048576K
Event: 6.207 GC heap after
Heap after GC invocations=2 (full 0):
 PSYoungGen      total 18944K, used 2537K [0x00000000feb00000, 0x0000000100000000, 0x0000000100000000)
  eden space 16384K, 0% used [0x00000000feb00000,0x00000000feb00000,0x00000000ffb00000)
  from space 2560K, 99% used [0x00000000ffd80000,0x00000000ffffa7f0,0x0000000100000000)
  to   space 2560K, 0% used [0x00000000ffb00000,0x00000000ffb00000,0x00000000ffd80000)
 ParOldGen       total 44032K, used 5012K [0x00000000fc000000, 0x00000000feb00000, 0x00000000feb00000)
  object space 44032K, 11% used [0x00000000fc000000,0x00000000fc4e53f8,0x00000000feb00000)
 Metaspace       used 7736K, capacity 7932K, committed 8192K, reserved 1056768K
  class space    used 899K, capacity 988K, committed 1024K, reserved 1048576K
}

Deoptimization events (10 events):
Event: 5.524 Thread 0x0000000004993800 Uncommon trap: reason=unstable_if action=reinterpret pc=0x0000000004cb5adc method=java.util.zip.ZipFile$ZipEntryIterator.hasNext()Z @ 25
Event: 6.065 Thread 0x0000000004993800 Uncommon trap: reason=unstable_if action=reinterpret pc=0x0000000004dcf318 method=org.objectweb.asm.Item.a(Lorg/objectweb/asm/Item;)Z @ 345
Event: 6.226 Thread 0x0000000004993800 Uncommon trap: reason=unstable_if action=reinterpret pc=0x0000000004df1edc method=org.objectweb.asm.Type.getArgumentsAndReturnSizes(Ljava/lang/String;)I @ 47
Event: 6.272 Thread 0x0000000004993800 Uncommon trap: reason=unstable_if action=reinterpret pc=0x0000000004e24574 method=org.objectweb.asm.MethodWriter.visitVarInsn(II)V @ 130
Event: 6.544 Thread 0x0000000004993800 Uncommon trap: reason=class_check action=maybe_recompile pc=0x0000000004e21a08 method=org.objectweb.asm.tree.VarInsnNode.accept(Lorg/objectweb/asm/MethodVisitor;)V @ 9
Event: 6.544 Thread 0x0000000004993800 Uncommon trap: reason=class_check action=maybe_recompile pc=0x0000000004e21a08 method=org.objectweb.asm.tree.VarInsnNode.accept(Lorg/objectweb/asm/MethodVisitor;)V @ 9
Event: 6.544 Thread 0x0000000004993800 Uncommon trap: reason=class_check action=maybe_recompile pc=0x0000000004e21a08 method=org.objectweb.asm.tree.VarInsnNode.accept(Lorg/objectweb/asm/MethodVisitor;)V @ 9
Event: 6.544 Thread 0x0000000004993800 Uncommon trap: reason=class_check action=maybe_recompile pc=0x0000000004e21a08 method=org.objectweb.asm.tree.VarInsnNode.accept(Lorg/objectweb/asm/MethodVisitor;)V @ 9
Event: 6.620 Thread 0x0000000004993800 Uncommon trap: reason=unstable_if action=reinterpret pc=0x0000000004d6598c method=org.objectweb.asm.ClassReader.a(II[C)Ljava/lang/String; @ 77
Event: 6.621 Thread 0x0000000004993800 Uncommon trap: reason=unstable_if action=reinterpret pc=0x0000000004dda6fc method=org.objectweb.asm.ByteVector.putUTF8(Ljava/lang/String;)Lorg/objectweb/asm/ByteVector; @ 91

Classes redefined (0 events):
No events

Internal exceptions (10 events):
Event: 4.821 Thread 0x0000000004993800 Exception <a 'sun/nio/fs/WindowsException'> (0x00000000ff130fd8) thrown at [D:\src\AOSP-openjdk-cygwin\jdk8u\hotspot\src\share\vm\prims\jni.cpp, line 709]
Event: 4.838 Thread 0x0000000004993800 Exception <a 'sun/nio/fs/WindowsException'> (0x00000000ff136400) thrown at [D:\src\AOSP-openjdk-cygwin\jdk8u\hotspot\src\share\vm\prims\jni.cpp, line 709]
Event: 5.003 Thread 0x0000000004993800 Exception <a 'sun/nio/fs/WindowsException'> (0x00000000ff339ab8) thrown at [D:\src\AOSP-openjdk-cygwin\jdk8u\hotspot\src\share\vm\prims\jni.cpp, line 709]
Event: 5.003 Thread 0x0000000004993800 Exception <a 'sun/nio/fs/WindowsException'> (0x00000000ff33a040) thrown at [D:\src\AOSP-openjdk-cygwin\jdk8u\hotspot\src\share\vm\prims\jni.cpp, line 709]
Event: 5.847 Thread 0x0000000004993800 Exception <a 'sun/nio/fs/WindowsException'> (0x00000000ff5a7850) thrown at [D:\src\AOSP-openjdk-cygwin\jdk8u\hotspot\src\share\vm\prims\jni.cpp, line 709]
Event: 5.847 Thread 0x0000000004993800 Exception <a 'sun/nio/fs/WindowsException'> (0x00000000ff5a7d58) thrown at [D:\src\AOSP-openjdk-cygwin\jdk8u\hotspot\src\share\vm\prims\jni.cpp, line 709]
Event: 6.311 Thread 0x0000000004993800 Exception <a 'sun/nio/fs/WindowsException'> (0x00000000feec6cb0) thrown at [D:\src\AOSP-openjdk-cygwin\jdk8u\hotspot\src\share\vm\prims\jni.cpp, line 709]
Event: 6.311 Thread 0x0000000004993800 Exception <a 'sun/nio/fs/WindowsException'> (0x00000000feec71b8) thrown at [D:\src\AOSP-openjdk-cygwin\jdk8u\hotspot\src\share\vm\prims\jni.cpp, line 709]
Event: 6.390 Thread 0x0000000004993800 Exception <a 'sun/nio/fs/WindowsException'> (0x00000000feecde90) thrown at [D:\src\AOSP-openjdk-cygwin\jdk8u\hotspot\src\share\vm\prims\jni.cpp, line 709]
Event: 6.395 Thread 0x0000000004993800 Exception <a 'sun/nio/fs/WindowsException'> (0x00000000feece398) thrown at [D:\src\AOSP-openjdk-cygwin\jdk8u\hotspot\src\share\vm\prims\jni.cpp, line 709]

Events (10 events):
Event: 6.594 loading class com/google/devtools/build/android/desugar/AutoValue_FieldInfo
Event: 6.594 loading class com/google/devtools/build/android/desugar/AutoValue_FieldInfo done
Event: 6.596 loading class com/google/devtools/build/android/desugar/Java7Compatibility$InlineOneMethod
Event: 6.596 loading class com/google/devtools/build/android/desugar/Java7Compatibility$InlineOneMethod done
Event: 6.620 Thread 0x0000000004993800 Uncommon trap: trap_request=0xffffff65 fr.pc=0x0000000004d6598c
Event: 6.620 Thread 0x0000000004993800 DEOPT PACKING pc=0x0000000004d6598c sp=0x000000000498e8e0
Event: 6.620 Thread 0x0000000004993800 DEOPT UNPACKING pc=0x0000000004ad556a sp=0x000000000498e7f8 mode 2
Event: 6.621 Thread 0x0000000004993800 Uncommon trap: trap_request=0xffffff65 fr.pc=0x0000000004dda6fc
Event: 6.621 Thread 0x0000000004993800 DEOPT PACKING pc=0x0000000004dda6fc sp=0x000000000498e910
Event: 6.621 Thread 0x0000000004993800 DEOPT UNPACKING pc=0x0000000004ad556a sp=0x000000000498e870 mode 2


Dynamic libraries:
0x00007ff6fc670000 - 0x00007ff6fc6a1000 	C:\Program Files\Android\Android Studio\jre\bin\java.exe
0x00007ffc937a0000 - 0x00007ffc93980000 	C:\WINDOWS\SYSTEM32\ntdll.dll
0x00007ffc91b90000 - 0x00007ffc91c3e000 	C:\WINDOWS\System32\KERNEL32.DLL
0x00007ffc90950000 - 0x00007ffc90bb6000 	C:\WINDOWS\System32\KERNELBASE.dll
0x00007ffc933d0000 - 0x00007ffc93471000 	C:\WINDOWS\System32\ADVAPI32.dll
0x00007ffc93580000 - 0x00007ffc9361d000 	C:\WINDOWS\System32\msvcrt.dll
0x00007ffc91d10000 - 0x00007ffc91d6b000 	C:\WINDOWS\System32\sechost.dll
0x00007ffc90c70000 - 0x00007ffc90d8f000 	C:\WINDOWS\System32\RPCRT4.dll
0x00007ffc93240000 - 0x00007ffc933cf000 	C:\WINDOWS\System32\USER32.dll
0x00007ffc90060000 - 0x00007ffc90080000 	C:\WINDOWS\System32\win32u.dll
0x00007ffc90d90000 - 0x00007ffc90db8000 	C:\WINDOWS\System32\GDI32.dll
0x00007ffc8fdc0000 - 0x00007ffc8ff53000 	C:\WINDOWS\System32\gdi32full.dll
0x00007ffc90080000 - 0x00007ffc9011b000 	C:\WINDOWS\System32\msvcp_win.dll
0x00007ffc8ff60000 - 0x00007ffc90056000 	C:\WINDOWS\System32\ucrtbase.dll
0x00007ffc81170000 - 0x00007ffc813d9000 	C:\WINDOWS\WinSxS\amd64_microsoft.windows.common-controls_6595b64144ccf1df_6.0.16299.192_none_15c8cdae9364c23b\COMCTL32.dll
0x00007ffc90fe0000 - 0x00007ffc912e8000 	C:\WINDOWS\System32\combase.dll
0x00007ffc90120000 - 0x00007ffc90192000 	C:\WINDOWS\System32\bcryptPrimitives.dll
0x00007ffc934b0000 - 0x00007ffc934dd000 	C:\WINDOWS\System32\IMM32.DLL
0x0000000051ba0000 - 0x0000000051c72000 	C:\Program Files\Android\Android Studio\jre\jre\bin\msvcr100.dll
0x0000000056050000 - 0x000000005688e000 	C:\Program Files\Android\Android Studio\jre\jre\bin\server\jvm.dll
0x00007ffc91d70000 - 0x00007ffc91d78000 	C:\WINDOWS\System32\PSAPI.DLL
0x00007ffc8b7c0000 - 0x00007ffc8b7c9000 	C:\WINDOWS\SYSTEM32\WSOCK32.dll
0x00007ffc91ca0000 - 0x00007ffc91d0c000 	C:\WINDOWS\System32\WS2_32.dll
0x00007ffc864a0000 - 0x00007ffc864c3000 	C:\WINDOWS\SYSTEM32\WINMM.dll
0x00007ffc8a5d0000 - 0x00007ffc8a5da000 	C:\WINDOWS\SYSTEM32\VERSION.dll
0x00007ffc86470000 - 0x00007ffc8649a000 	C:\WINDOWS\SYSTEM32\winmmbase.dll
0x00007ffc8fba0000 - 0x00007ffc8fbea000 	C:\WINDOWS\System32\cfgmgr32.dll
0x00007ffc8b420000 - 0x00007ffc8b42f000 	C:\Program Files\Android\Android Studio\jre\jre\bin\verify.dll
0x00007ffc85920000 - 0x00007ffc85949000 	C:\Program Files\Android\Android Studio\jre\jre\bin\java.dll
0x00007ffc8b230000 - 0x00007ffc8b246000 	C:\Program Files\Android\Android Studio\jre\jre\bin\zip.dll
0x00007ffc91d80000 - 0x00007ffc931b6000 	C:\WINDOWS\System32\SHELL32.dll
0x00007ffc90dc0000 - 0x00007ffc90e66000 	C:\WINDOWS\System32\shcore.dll
0x00007ffc90200000 - 0x00007ffc90947000 	C:\WINDOWS\System32\windows.storage.dll
0x00007ffc91850000 - 0x00007ffc918a1000 	C:\WINDOWS\System32\shlwapi.dll
0x00007ffc8fb30000 - 0x00007ffc8fb41000 	C:\WINDOWS\System32\kernel.appcore.dll
0x00007ffc8fb50000 - 0x00007ffc8fb9c000 	C:\WINDOWS\System32\powrprof.dll
0x00007ffc8faf0000 - 0x00007ffc8fb0b000 	C:\WINDOWS\System32\profapi.dll
0x00007ffc8f540000 - 0x00007ffc8f557000 	C:\WINDOWS\SYSTEM32\CRYPTSP.dll
0x00007ffc8ef90000 - 0x00007ffc8efc3000 	C:\WINDOWS\system32\rsaenh.dll
0x00007ffc8f650000 - 0x00007ffc8f675000 	C:\WINDOWS\SYSTEM32\bcrypt.dll
0x00007ffc8fa20000 - 0x00007ffc8fa49000 	C:\WINDOWS\SYSTEM32\USERENV.dll
0x00007ffc8f560000 - 0x00007ffc8f56b000 	C:\WINDOWS\SYSTEM32\CRYPTBASE.dll
0x00007ffc8b1a0000 - 0x00007ffc8b1ba000 	C:\Program Files\Android\Android Studio\jre\jre\bin\net.dll
0x00007ffc8f380000 - 0x00007ffc8f3e6000 	C:\WINDOWS\system32\mswsock.dll
0x00007ffc8f110000 - 0x00007ffc8f149000 	C:\WINDOWS\SYSTEM32\IPHLPAPI.DLL
0x00007ffc91b20000 - 0x00007ffc91b28000 	C:\WINDOWS\System32\NSI.dll
0x00007ffc8ae20000 - 0x00007ffc8ae36000 	C:\WINDOWS\SYSTEM32\dhcpcsvc6.DLL
0x00007ffc8ad50000 - 0x00007ffc8ad6a000 	C:\WINDOWS\SYSTEM32\dhcpcsvc.DLL
0x00007ffc870e0000 - 0x00007ffc870f1000 	C:\Program Files\Android\Android Studio\jre\jre\bin\nio.dll

VM Arguments:
jvm_args: -Djava.awt.headless=true -Xmx64M -Dfile.encoding=windows-1251 -Duser.country=RU -Duser.language=ru -Duser.variant 
java_command: com.google.devtools.build.android.desugar.Desugar --input C:\Users\waydeem\repos\Pogodator\app\build\intermediates\transforms\stackFramesFixer\debug\15.jar --output C:\Users\waydeem\repos\Pogodator\app\build\intermediates\transforms\desugar\debug\16.jar --input C:\Users\waydeem\repos\Pogodator\app\build\intermediates\transforms\stackFramesFixer\debug\10.jar --output C:\Users\waydeem\repos\Pogodator\app\build\intermediates\transforms\desugar\debug\11.jar --input C:\Users\waydeem\repos\Pogodator\app\build\intermediates\transforms\stackFramesFixer\debug\9.jar --output C:\Users\waydeem\repos\Pogodator\app\build\intermediates\transforms\desugar\debug\10.jar --input C:\Users\waydeem\repos\Pogodator\app\build\intermediates\transforms\stackFramesFixer\debug\0.jar --output C:\Users\waydeem\repos\Pogodator\app\build\intermediates\transforms\desugar\debug\1.jar --input C:\Users\waydeem\repos\Pogodator\app\build\intermediates\transforms\stackFramesFixer\debug\19.jar --output C:\Users\waydeem\repos\Pogodator\app\build\intermediates\transforms\desugar\debug\20.jar --classpath_entry C:\Users\waydeem\repos\Pogodator\app\build\intermediates\classes\debug --classpath_entry C:\Users\waydeem\repos\Pogodator\app\build\intermediates\transforms\stackFramesFixer\debug\0.jar --classpath_entry C:\Users\waydeem\repos\Pogodator\app\build\intermediates\transforms\stackFramesFixer\debug\1.jar --classpath_entry C:\Users\waydeem\repos\Pogodator\app\build\intermediates\transforms\stackFramesFixer\debug\2.jar --classpath_entry C:\Users\waydeem\repos\Pogodator\app\build\intermediates\transforms\stackFramesFixer\debug\3.jar --classpath_entry C:\Users\waydeem\repos\Pogodator\app\build\intermediates\transforms\stackFramesFixer\debug\4.jar --classpath_entry C:\Users\waydeem\repos\Pogodator\app\build\intermediates\transforms\stackFramesFixer\debug\5.jar --classpath_entry C:\Users\waydeem\repos\Pogodator\app\build\intermediates\transforms\stackFramesFixer\debug\6.jar --classpath_entry C:\Us
java_class_path (initial): C:\Users\waydeem\AppData\Local\Temp\desugar_deploy.jar8811097365309765436
Launcher Type: SUN_STANDARD

Environment Variables:
JAVA_HOME=C:\Program Files\Java\jdk1.8.0_121
PATH=C:\ProgramData\Oracle\Java\javapath;C:\Program Files (x86)\Intel\iCLS Client\;C:\Program Files\Intel\iCLS Client\;C:\Windows\system32;C:\Windows;C:\Windows\System32\Wbem;C:\Windows\System32\WindowsPowerShell\v1.0\;C:\Program Files (x86)\NVIDIA Corporation\PhysX\Common;C:\Program Files (x86)\Intel\Intel(R) Management Engine Components\DAL;C:\Program Files\Intel\Intel(R) Management Engine Components\DAL;C:\Program Files (x86)\Intel\Intel(R) Management Engine Components\IPT;C:\Program Files\Intel\Intel(R) Management Engine Components\IPT;C:\WINDOWS\system32;C:\WINDOWS;C:\WINDOWS\System32\Wbem;C:\WINDOWS\System32\WindowsPowerShell\v1.0\;C:\Program Files\Java\jdk1.8.0_121\bin;C:\Installations\Putty\;C:\Users\waydeem\AppData\Local\Microsoft\WindowsApps;
USERNAME=waydeem
OS=Windows_NT
PROCESSOR_IDENTIFIER=Intel64 Family 6 Model 142 Stepping 9, GenuineIntel



---------------  S Y S T E M  ---------------

OS: Windows 10.0 , 64 bit Build 16299 (10.0.16299.15)

CPU:total 4 (initial active 4) (2 cores per cpu, 2 threads per core) family 6 model 142 stepping 9, cmov, cx8, fxsr, mmx, sse, sse2, sse3, ssse3, sse4.1, sse4.2, popcnt, avx, avx2, aes, clmul, erms, 3dnowpref, lzcnt, ht, tsc, tscinvbit, bmi1, bmi2, adx

Memory: 4k page, physical 8253572k(411976k free), swap 12447876k(7780k free)

vm_info: OpenJDK 64-Bit Server VM (25.152-b01) for windows-amd64 JRE (1.8.0_152-release-915-b01), built by "builder" with MS VC++ 10.0 (VS2010)

time: Sun Jan 14 15:11:55 2018
elapsed time: 6 seconds (0d 0h 0m 6s)

