#
# There is insufficient memory for the Java Runtime Environment to continue.
# Native memory allocation (malloc) failed to allocate 32744 bytes for ChunkPool::allocate
# Possible reasons:
#   The system is out of physical RAM or swap space
#   In 32 bit mode, the process size limit was hit
# Possible solutions:
#   Reduce memory load on the system
#   Increase physical memory or swap space
#   Check if swap backing store is full
#   Use 64 bit Java on a 64 bit OS
#   Decrease Java heap size (-Xmx/-Xms)
#   Decrease number of Java threads
#   Decrease Java thread stack sizes (-Xss)
#   Set larger code cache with -XX:ReservedCodeCacheSize=
# This output file may be truncated or incomplete.
#
#  Out of Memory Error (allocation.cpp:273), pid=6512, tid=0x0000000000003c1c
#
# JRE version: OpenJDK Runtime Environment (8.0_152-b01) (build 1.8.0_152-release-915-b01)
# Java VM: OpenJDK 64-Bit Server VM (25.152-b01 mixed mode windows-amd64 compressed oops)
# Failed to write core dump. Minidumps are not enabled by default on client versions of Windows
#

---------------  T H R E A D  ---------------

Current thread (0x0000000016a81000):  JavaThread "C1 CompilerThread2" daemon [_thread_in_native, id=15388, stack(0x0000000016e80000,0x0000000016f80000)]

Stack: [0x0000000016e80000,0x0000000016f80000]
[error occurred during error reporting (printing stack bounds), id 0xc0000005]

Native frames: (J=compiled Java code, j=interpreted, Vv=VM code, C=native code)


Current CompileTask:
C1:   1899  738       3       org.objectweb.asm.ClassReader::a (3587 bytes)


---------------  P R O C E S S  ---------------

Java Threads: ( => current thread )
  0x0000000016a86800 JavaThread "Service Thread" daemon [_thread_blocked, id=13552, stack(0x0000000016f80000,0x0000000017080000)]
=>0x0000000016a81000 JavaThread "C1 CompilerThread2" daemon [_thread_in_native, id=15388, stack(0x0000000016e80000,0x0000000016f80000)]
  0x0000000015213000 JavaThread "C2 CompilerThread1" daemon [_thread_in_vm, id=1508, stack(0x0000000016980000,0x0000000016a80000)]
  0x000000001520f800 JavaThread "C2 CompilerThread0" daemon [_thread_in_native, id=16716, stack(0x0000000016880000,0x0000000016980000)]
  0x000000001520e000 JavaThread "Attach Listener" daemon [_thread_blocked, id=10772, stack(0x0000000016780000,0x0000000016880000)]
  0x000000001520d000 JavaThread "Signal Dispatcher" daemon [_thread_blocked, id=7192, stack(0x0000000016680000,0x0000000016780000)]
  0x0000000004ea8800 JavaThread "Finalizer" daemon [_thread_blocked, id=8100, stack(0x0000000016480000,0x0000000016580000)]
  0x0000000004ea3000 JavaThread "Reference Handler" daemon [_thread_blocked, id=4400, stack(0x0000000016380000,0x0000000016480000)]
  0x0000000004db3800 JavaThread "main" [_thread_in_Java, id=8544, stack(0x0000000004c30000,0x0000000004d30000)]

Other Threads:
  0x00000000151d5800 VMThread [stack: 0x0000000016280000,0x0000000016380000] [id=14064]
  0x0000000016a87800 WatcherThread [stack: 0x0000000017080000,0x0000000017180000] [id=11272]

VM state:not at safepoint (normal execution)

VM Mutex/Monitor currently owned by a thread: None

Heap:
 PSYoungGen      total 18944K, used 15439K [0x00000000feb00000, 0x0000000100000000, 0x0000000100000000)
  eden space 16384K, 78% used [0x00000000feb00000,0x00000000ff79bbf8,0x00000000ffb00000)
  from space 2560K, 98% used [0x00000000ffb00000,0x00000000ffd78030,0x00000000ffd80000)
  to   space 2560K, 0% used [0x00000000ffd80000,0x00000000ffd80000,0x0000000100000000)
 ParOldGen       total 44032K, used 1652K [0x00000000fc000000, 0x00000000feb00000, 0x00000000feb00000)
  object space 44032K, 3% used [0x00000000fc000000,0x00000000fc19d058,0x00000000feb00000)
 Metaspace       used 7600K, capacity 7812K, committed 7936K, reserved 1056768K
  class space    used 899K, capacity 988K, committed 1024K, reserved 1048576K

Card table byte_map: [0x0000000003360000,0x0000000003390000] byte_map_base: 0x0000000002b80000

Marking Bits: (ParMarkBitMap*) 0x0000000056813950
 Begin Bits: [0x0000000014670000, 0x0000000014770000)
 End Bits:   [0x0000000014770000, 0x0000000014870000)

Polling page: 0x0000000003330000

CodeCache: size=245760Kb used=2695Kb max_used=2707Kb free=243064Kb
 bounds [0x0000000004eb0000, 0x0000000005160000, 0x0000000013eb0000]
 total_blobs=1069 nmethods=738 adapters=245
 compilation: enabled

Compilation events (10 events):
Event: 1.555 Thread 0x0000000016a81000 nmethod 734 0x0000000005151710 code [0x00000000051518a0, 0x0000000005151d68]
Event: 1.822 Thread 0x0000000015213000  735       4       com.google.common.collect.Iterators$7::transform (11 bytes)
Event: 1.822 Thread 0x000000001520f800  736       4       com.google.common.collect.TransformedIterator::next (14 bytes)
Event: 1.823 Thread 0x0000000015213000 nmethod 735 0x0000000005154c50 code [0x0000000005154da0, 0x0000000005154e78]
Event: 1.824 Thread 0x000000001520f800 nmethod 736 0x0000000005153190 code [0x0000000005153300, 0x0000000005153468]
Event: 1.824 Thread 0x0000000015213000  737       4       com.google.common.collect.TransformedIterator::hasNext (10 bytes)
Event: 1.826 Thread 0x0000000015213000 nmethod 737 0x0000000005152990 code [0x0000000005152ae0, 0x0000000005152e18]
Event: 1.835 Thread 0x0000000016a81000  738       3       org.objectweb.asm.ClassReader::a (3587 bytes)
Event: 1.840 Thread 0x000000001520f800  740       4       org.objectweb.asm.ClassReader::readInt (52 bytes)
Event: 1.841 Thread 0x000000001520f800 nmethod 740 0x0000000005152690 code [0x00000000051527c0, 0x00000000051528b8]

GC Heap History (2 events):
Event: 1.058 GC heap before
{Heap before GC invocations=1 (full 0):
 PSYoungGen      total 18944K, used 16384K [0x00000000feb00000, 0x0000000100000000, 0x0000000100000000)
  eden space 16384K, 100% used [0x00000000feb00000,0x00000000ffb00000,0x00000000ffb00000)
  from space 2560K, 0% used [0x00000000ffd80000,0x00000000ffd80000,0x0000000100000000)
  to   space 2560K, 0% used [0x00000000ffb00000,0x00000000ffb00000,0x00000000ffd80000)
 ParOldGen       total 44032K, used 0K [0x00000000fc000000, 0x00000000feb00000, 0x00000000feb00000)
  object space 44032K, 0% used [0x00000000fc000000,0x00000000fc000000,0x00000000feb00000)
 Metaspace       used 6496K, capacity 6614K, committed 6784K, reserved 1056768K
  class space    used 768K, capacity 823K, committed 896K, reserved 1048576K
Event: 1.062 GC heap after
Heap after GC invocations=1 (full 0):
 PSYoungGen      total 18944K, used 2528K [0x00000000feb00000, 0x0000000100000000, 0x0000000100000000)
  eden space 16384K, 0% used [0x00000000feb00000,0x00000000feb00000,0x00000000ffb00000)
  from space 2560K, 98% used [0x00000000ffb00000,0x00000000ffd78030,0x00000000ffd80000)
  to   space 2560K, 0% used [0x00000000ffd80000,0x00000000ffd80000,0x0000000100000000)
 ParOldGen       total 44032K, used 1652K [0x00000000fc000000, 0x00000000feb00000, 0x00000000feb00000)
  object space 44032K, 3% used [0x00000000fc000000,0x00000000fc19d058,0x00000000feb00000)
 Metaspace       used 6496K, capacity 6614K, committed 6784K, reserved 1056768K
  class space    used 768K, capacity 823K, committed 896K, reserved 1048576K
}

Deoptimization events (10 events):
Event: 1.374 Thread 0x0000000004db3800 Uncommon trap: reason=class_check action=maybe_recompile pc=0x00000000050c5910 method=com.google.common.collect.Iterators$7.transform(Ljava/lang/Object;)Ljava/lang/Object; @ 5
Event: 1.374 Thread 0x0000000004db3800 Uncommon trap: reason=class_check action=maybe_recompile pc=0x00000000050c8fac method=com.google.common.collect.TransformedIterator.hasNext()Z @ 4
Event: 1.374 Thread 0x0000000004db3800 Uncommon trap: reason=class_check action=maybe_recompile pc=0x00000000050c8fac method=com.google.common.collect.TransformedIterator.hasNext()Z @ 4
Event: 1.374 Thread 0x0000000004db3800 Uncommon trap: reason=class_check action=maybe_recompile pc=0x00000000050c8a18 method=com.google.common.collect.TransformedIterator.next()Ljava/lang/Object; @ 5
Event: 1.374 Thread 0x0000000004db3800 Uncommon trap: reason=class_check action=maybe_recompile pc=0x00000000050c5910 method=com.google.common.collect.Iterators$7.transform(Ljava/lang/Object;)Ljava/lang/Object; @ 5
Event: 1.374 Thread 0x0000000004db3800 Uncommon trap: reason=class_check action=maybe_recompile pc=0x00000000050c8fac method=com.google.common.collect.TransformedIterator.hasNext()Z @ 4
Event: 1.374 Thread 0x0000000004db3800 Uncommon trap: reason=class_check action=maybe_recompile pc=0x00000000050c8a18 method=com.google.common.collect.TransformedIterator.next()Ljava/lang/Object; @ 5
Event: 1.374 Thread 0x0000000004db3800 Uncommon trap: reason=class_check action=maybe_recompile pc=0x00000000050c5910 method=com.google.common.collect.Iterators$7.transform(Ljava/lang/Object;)Ljava/lang/Object; @ 5
Event: 1.374 Thread 0x0000000004db3800 Uncommon trap: reason=class_check action=maybe_recompile pc=0x00000000050c8a18 method=com.google.common.collect.TransformedIterator.next()Ljava/lang/Object; @ 5
Event: 1.374 Thread 0x0000000004db3800 Uncommon trap: reason=class_check action=maybe_recompile pc=0x00000000050c5910 method=com.google.common.collect.Iterators$7.transform(Ljava/lang/Object;)Ljava/lang/Object; @ 5

Classes redefined (0 events):
No events

Internal exceptions (10 events):
Event: 1.145 Thread 0x0000000004db3800 Exception <a 'sun/nio/fs/WindowsException'> (0x00000000ff126b70) thrown at [D:\src\AOSP-openjdk-cygwin\jdk8u\hotspot\src\share\vm\prims\jni.cpp, line 709]
Event: 1.145 Thread 0x0000000004db3800 Exception <a 'sun/nio/fs/WindowsException'> (0x00000000ff127160) thrown at [D:\src\AOSP-openjdk-cygwin\jdk8u\hotspot\src\share\vm\prims\jni.cpp, line 709]
Event: 1.145 Thread 0x0000000004db3800 Exception <a 'sun/nio/fs/WindowsException'> (0x00000000ff127930) thrown at [D:\src\AOSP-openjdk-cygwin\jdk8u\hotspot\src\share\vm\prims\jni.cpp, line 709]
Event: 1.145 Thread 0x0000000004db3800 Exception <a 'sun/nio/fs/WindowsException'> (0x00000000ff127ef8) thrown at [D:\src\AOSP-openjdk-cygwin\jdk8u\hotspot\src\share\vm\prims\jni.cpp, line 709]
Event: 1.145 Thread 0x0000000004db3800 Exception <a 'sun/nio/fs/WindowsException'> (0x00000000ff1286b8) thrown at [D:\src\AOSP-openjdk-cygwin\jdk8u\hotspot\src\share\vm\prims\jni.cpp, line 709]
Event: 1.208 Thread 0x0000000004db3800 Exception <a 'sun/nio/fs/WindowsException'> (0x00000000ff12dae0) thrown at [D:\src\AOSP-openjdk-cygwin\jdk8u\hotspot\src\share\vm\prims\jni.cpp, line 709]
Event: 1.323 Thread 0x0000000004db3800 Exception <a 'sun/nio/fs/WindowsException'> (0x00000000ff331560) thrown at [D:\src\AOSP-openjdk-cygwin\jdk8u\hotspot\src\share\vm\prims\jni.cpp, line 709]
Event: 1.323 Thread 0x0000000004db3800 Exception <a 'sun/nio/fs/WindowsException'> (0x00000000ff331ae8) thrown at [D:\src\AOSP-openjdk-cygwin\jdk8u\hotspot\src\share\vm\prims\jni.cpp, line 709]
Event: 1.790 Thread 0x0000000004db3800 Exception <a 'sun/nio/fs/WindowsException'> (0x00000000ff59f430) thrown at [D:\src\AOSP-openjdk-cygwin\jdk8u\hotspot\src\share\vm\prims\jni.cpp, line 709]
Event: 1.791 Thread 0x0000000004db3800 Exception <a 'sun/nio/fs/WindowsException'> (0x00000000ff59f938) thrown at [D:\src\AOSP-openjdk-cygwin\jdk8u\hotspot\src\share\vm\prims\jni.cpp, line 709]

Events (10 events):
Event: 1.541 loading class org/objectweb/asm/Handler
Event: 1.541 loading class org/objectweb/asm/Handler done
Event: 1.553 loading class com/google/devtools/build/android/desugar/FieldInfo
Event: 1.553 loading class com/google/devtools/build/android/desugar/FieldInfo done
Event: 1.554 loading class com/google/devtools/build/android/desugar/AutoValue_FieldInfo
Event: 1.554 loading class com/google/devtools/build/android/desugar/AutoValue_FieldInfo done
Event: 1.554 loading class com/google/devtools/build/android/desugar/Java7Compatibility$InlineOneMethod
Event: 1.554 loading class com/google/devtools/build/android/desugar/Java7Compatibility$InlineOneMethod done
Event: 1.555 loading class java/util/Vector$Itr
Event: 1.555 loading class java/util/Vector$Itr done


Dynamic libraries:
0x00007ff6fc670000 - 0x00007ff6fc6a1000 	C:\Program Files\Android\Android Studio\jre\bin\java.exe
0x00007ffc937a0000 - 0x00007ffc93980000 	C:\WINDOWS\SYSTEM32\ntdll.dll
0x00007ffc91b90000 - 0x00007ffc91c3e000 	C:\WINDOWS\System32\KERNEL32.DLL
0x00007ffc90950000 - 0x00007ffc90bb6000 	C:\WINDOWS\System32\KERNELBASE.dll
0x00007ffc933d0000 - 0x00007ffc93471000 	C:\WINDOWS\System32\ADVAPI32.dll
0x00007ffc93580000 - 0x00007ffc9361d000 	C:\WINDOWS\System32\msvcrt.dll
0x00007ffc91d10000 - 0x00007ffc91d6b000 	C:\WINDOWS\System32\sechost.dll
0x00007ffc90c70000 - 0x00007ffc90d8f000 	C:\WINDOWS\System32\RPCRT4.dll
0x00007ffc93240000 - 0x00007ffc933cf000 	C:\WINDOWS\System32\USER32.dll
0x00007ffc90060000 - 0x00007ffc90080000 	C:\WINDOWS\System32\win32u.dll
0x00007ffc90d90000 - 0x00007ffc90db8000 	C:\WINDOWS\System32\GDI32.dll
0x00007ffc8fdc0000 - 0x00007ffc8ff53000 	C:\WINDOWS\System32\gdi32full.dll
0x00007ffc90080000 - 0x00007ffc9011b000 	C:\WINDOWS\System32\msvcp_win.dll
0x00007ffc8ff60000 - 0x00007ffc90056000 	C:\WINDOWS\System32\ucrtbase.dll
0x00007ffc81170000 - 0x00007ffc813d9000 	C:\WINDOWS\WinSxS\amd64_microsoft.windows.common-controls_6595b64144ccf1df_6.0.16299.192_none_15c8cdae9364c23b\COMCTL32.dll
0x00007ffc90fe0000 - 0x00007ffc912e8000 	C:\WINDOWS\System32\combase.dll
0x00007ffc90120000 - 0x00007ffc90192000 	C:\WINDOWS\System32\bcryptPrimitives.dll
0x00007ffc934b0000 - 0x00007ffc934dd000 	C:\WINDOWS\System32\IMM32.DLL
0x0000000051ba0000 - 0x0000000051c72000 	C:\Program Files\Android\Android Studio\jre\jre\bin\msvcr100.dll
0x0000000056050000 - 0x000000005688e000 	C:\Program Files\Android\Android Studio\jre\jre\bin\server\jvm.dll
0x00007ffc91d70000 - 0x00007ffc91d78000 	C:\WINDOWS\System32\PSAPI.DLL
0x00007ffc8b7c0000 - 0x00007ffc8b7c9000 	C:\WINDOWS\SYSTEM32\WSOCK32.dll
0x00007ffc91ca0000 - 0x00007ffc91d0c000 	C:\WINDOWS\System32\WS2_32.dll
0x00007ffc864a0000 - 0x00007ffc864c3000 	C:\WINDOWS\SYSTEM32\WINMM.dll
0x00007ffc8a5d0000 - 0x00007ffc8a5da000 	C:\WINDOWS\SYSTEM32\VERSION.dll
0x00007ffc86470000 - 0x00007ffc8649a000 	C:\WINDOWS\SYSTEM32\WINMMBASE.dll
0x00007ffc8fba0000 - 0x00007ffc8fbea000 	C:\WINDOWS\System32\cfgmgr32.dll
0x00007ffc8c500000 - 0x00007ffc8c50f000 	C:\Program Files\Android\Android Studio\jre\jre\bin\verify.dll
0x00007ffc8aff0000 - 0x00007ffc8b019000 	C:\Program Files\Android\Android Studio\jre\jre\bin\java.dll
0x00007ffc8b230000 - 0x00007ffc8b246000 	C:\Program Files\Android\Android Studio\jre\jre\bin\zip.dll
0x00007ffc91d80000 - 0x00007ffc931b6000 	C:\WINDOWS\System32\SHELL32.dll
0x00007ffc90dc0000 - 0x00007ffc90e66000 	C:\WINDOWS\System32\shcore.dll
0x00007ffc90200000 - 0x00007ffc90947000 	C:\WINDOWS\System32\windows.storage.dll
0x00007ffc91850000 - 0x00007ffc918a1000 	C:\WINDOWS\System32\shlwapi.dll
0x00007ffc8fb30000 - 0x00007ffc8fb41000 	C:\WINDOWS\System32\kernel.appcore.dll
0x00007ffc8fb50000 - 0x00007ffc8fb9c000 	C:\WINDOWS\System32\powrprof.dll
0x00007ffc8faf0000 - 0x00007ffc8fb0b000 	C:\WINDOWS\System32\profapi.dll
0x00007ffc8f540000 - 0x00007ffc8f557000 	C:\WINDOWS\SYSTEM32\CRYPTSP.dll
0x00007ffc8ef90000 - 0x00007ffc8efc3000 	C:\WINDOWS\system32\rsaenh.dll
0x00007ffc8f650000 - 0x00007ffc8f675000 	C:\WINDOWS\SYSTEM32\bcrypt.dll
0x00007ffc8fa20000 - 0x00007ffc8fa49000 	C:\WINDOWS\SYSTEM32\USERENV.dll
0x00007ffc8f560000 - 0x00007ffc8f56b000 	C:\WINDOWS\SYSTEM32\CRYPTBASE.dll
0x00007ffc8b1a0000 - 0x00007ffc8b1ba000 	C:\Program Files\Android\Android Studio\jre\jre\bin\net.dll
0x00007ffc8f380000 - 0x00007ffc8f3e6000 	C:\WINDOWS\system32\mswsock.dll
0x00007ffc8f110000 - 0x00007ffc8f149000 	C:\WINDOWS\SYSTEM32\IPHLPAPI.DLL
0x00007ffc91b20000 - 0x00007ffc91b28000 	C:\WINDOWS\System32\NSI.dll
0x00007ffc8ae20000 - 0x00007ffc8ae36000 	C:\WINDOWS\SYSTEM32\dhcpcsvc6.DLL
0x00007ffc8ad50000 - 0x00007ffc8ad6a000 	C:\WINDOWS\SYSTEM32\dhcpcsvc.DLL
0x00007ffc89ed0000 - 0x00007ffc89ee1000 	C:\Program Files\Android\Android Studio\jre\jre\bin\nio.dll

VM Arguments:
jvm_args: -Djava.awt.headless=true -Xmx64M -Dfile.encoding=windows-1251 -Duser.country=RU -Duser.language=ru -Duser.variant 
java_command: com.google.devtools.build.android.desugar.Desugar --input C:\Users\waydeem\repos\Pogodator\app\build\intermediates\transforms\stackFramesFixer\debug\1.jar --output C:\Users\waydeem\repos\Pogodator\app\build\intermediates\transforms\desugar\debug\2.jar --input C:\Users\waydeem\repos\Pogodator\app\build\intermediates\transforms\stackFramesFixer\debug\2.jar --output C:\Users\waydeem\repos\Pogodator\app\build\intermediates\transforms\desugar\debug\3.jar --input C:\Users\waydeem\repos\Pogodator\app\build\intermediates\transforms\stackFramesFixer\debug\8.jar --output C:\Users\waydeem\repos\Pogodator\app\build\intermediates\transforms\desugar\debug\9.jar --input C:\Users\waydeem\repos\Pogodator\app\build\intermediates\transforms\stackFramesFixer\debug\18.jar --output C:\Users\waydeem\repos\Pogodator\app\build\intermediates\transforms\desugar\debug\19.jar --input C:\Users\waydeem\repos\Pogodator\app\build\intermediates\classes\debug --output C:\Users\waydeem\repos\Pogodator\app\build\intermediates\transforms\desugar\debug\0 --classpath_entry C:\Users\waydeem\repos\Pogodator\app\build\intermediates\classes\debug --classpath_entry C:\Users\waydeem\repos\Pogodator\app\build\intermediates\transforms\stackFramesFixer\debug\0.jar --classpath_entry C:\Users\waydeem\repos\Pogodator\app\build\intermediates\transforms\stackFramesFixer\debug\1.jar --classpath_entry C:\Users\waydeem\repos\Pogodator\app\build\intermediates\transforms\stackFramesFixer\debug\2.jar --classpath_entry C:\Users\waydeem\repos\Pogodator\app\build\intermediates\transforms\stackFramesFixer\debug\3.jar --classpath_entry C:\Users\waydeem\repos\Pogodator\app\build\intermediates\transforms\stackFramesFixer\debug\4.jar --classpath_entry C:\Users\waydeem\repos\Pogodator\app\build\intermediates\transforms\stackFramesFixer\debug\5.jar --classpath_entry C:\Users\waydeem\repos\Pogodator\app\build\intermediates\transforms\stackFramesFixer\debug\6.jar --classpath_entry C:\Users\waydeem\repos\Pogodator\app\bui
java_class_path (initial): C:\Users\waydeem\AppData\Local\Temp\desugar_deploy.jar6196604905827286733
Launcher Type: SUN_STANDARD

Environment Variables:
JAVA_HOME=C:\Program Files\Java\jdk1.8.0_121
PATH=C:\ProgramData\Oracle\Java\javapath;C:\Program Files (x86)\Intel\iCLS Client\;C:\Program Files\Intel\iCLS Client\;C:\Windows\system32;C:\Windows;C:\Windows\System32\Wbem;C:\Windows\System32\WindowsPowerShell\v1.0\;C:\Program Files (x86)\NVIDIA Corporation\PhysX\Common;C:\Program Files (x86)\Intel\Intel(R) Management Engine Components\DAL;C:\Program Files\Intel\Intel(R) Management Engine Components\DAL;C:\Program Files (x86)\Intel\Intel(R) Management Engine Components\IPT;C:\Program Files\Intel\Intel(R) Management Engine Components\IPT;C:\WINDOWS\system32;C:\WINDOWS;C:\WINDOWS\System32\Wbem;C:\WINDOWS\System32\WindowsPowerShell\v1.0\;C:\Program Files\Java\jdk1.8.0_121\bin;C:\Installations\Putty\;C:\Users\waydeem\AppData\Local\Microsoft\WindowsApps;
USERNAME=waydeem
OS=Windows_NT
PROCESSOR_IDENTIFIER=Intel64 Family 6 Model 142 Stepping 9, GenuineIntel



---------------  S Y S T E M  ---------------

OS: Windows 10.0 , 64 bit Build 16299 (10.0.16299.15)

CPU:total 4 (initial active 4) (2 cores per cpu, 2 threads per core) family 6 model 142 stepping 9, cmov, cx8, fxsr, mmx, sse, sse2, sse3, ssse3, sse4.1, sse4.2, popcnt, avx, avx2, aes, clmul, erms, 3dnowpref, lzcnt, ht, tsc, tscinvbit, bmi1, bmi2, adx

Memory: 4k page, physical 8253572k(668640k free), swap 12447876k(238060k free)

vm_info: OpenJDK 64-Bit Server VM (25.152-b01) for windows-amd64 JRE (1.8.0_152-release-915-b01), built by "builder" with MS VC++ 10.0 (VS2010)

time: Sun Jan 14 15:24:31 2018
elapsed time: 1 seconds (0d 0h 0m 1s)

